09:57:09.501 [restartedMain] INFO  c.p.ProgettoCapstoneApplication - Starting ProgettoCapstoneApplication using Java 17.0.7 with PID 9848 (C:\Users\user\Desktop\Progetto Capstone\BackEnd\Progetto_Capstone\target\classes started by user in C:\Users\user\Desktop\Progetto Capstone\BackEnd\Progetto_Capstone)
09:57:09.512 [restartedMain] INFO  c.p.ProgettoCapstoneApplication - No active profile set, falling back to 1 default profile: "default"
09:57:09.619 [restartedMain] INFO  o.s.b.d.e.DevToolsPropertyDefaultsPostProcessor - Devtools property defaults active! Set 'spring.devtools.add-properties' to 'false' to disable
09:57:09.620 [restartedMain] INFO  o.s.b.d.e.DevToolsPropertyDefaultsPostProcessor - For additional web related logging consider setting the 'logging.level.web' property to 'DEBUG'
09:57:11.341 [restartedMain] INFO  o.s.d.r.c.RepositoryConfigurationDelegate - Bootstrapping Spring Data JPA repositories in DEFAULT mode.
09:57:11.477 [restartedMain] INFO  o.s.d.r.c.RepositoryConfigurationDelegate - Finished Spring Data repository scanning in 117 ms. Found 6 JPA repository interfaces.
09:57:12.494 [restartedMain] INFO  o.s.b.w.e.tomcat.TomcatWebServer - Tomcat initialized with port(s): 8080 (http)
09:57:12.513 [restartedMain] INFO  o.a.catalina.core.StandardService - Starting service [Tomcat]
09:57:12.513 [restartedMain] INFO  o.a.catalina.core.StandardEngine - Starting Servlet engine: [Apache Tomcat/10.1.10]
09:57:12.627 [restartedMain] INFO  o.a.c.c.C.[Tomcat].[localhost].[/] - Initializing Spring embedded WebApplicationContext
09:57:12.627 [restartedMain] INFO  o.s.b.w.s.c.ServletWebServerApplicationContext - Root WebApplicationContext: initialization completed in 3006 ms
09:57:12.814 [restartedMain] INFO  o.h.jpa.internal.util.LogHelper - HHH000204: Processing PersistenceUnitInfo [name: default]
09:57:12.921 [restartedMain] INFO  org.hibernate.Version - HHH000412: Hibernate ORM core version 6.2.5.Final
09:57:12.927 [restartedMain] INFO  org.hibernate.cfg.Environment - HHH000406: Using bytecode reflection optimizer
09:57:13.183 [restartedMain] INFO  o.h.b.i.BytecodeProviderInitiator - HHH000021: Bytecode provider name : bytebuddy
09:57:13.460 [restartedMain] INFO  o.s.o.j.p.SpringPersistenceUnitInfo - No LoadTimeWeaver setup: ignoring JPA class transformer
09:57:13.484 [restartedMain] INFO  com.zaxxer.hikari.HikariDataSource - HikariPool-1 - Starting...
09:57:13.771 [restartedMain] INFO  com.zaxxer.hikari.pool.HikariPool - HikariPool-1 - Added connection org.postgresql.jdbc.PgConnection@5da7cf80
09:57:13.774 [restartedMain] INFO  com.zaxxer.hikari.HikariDataSource - HikariPool-1 - Start completed.
09:57:14.375 [restartedMain] WARN  o.h.b.i.SessionFactoryOptionsBuilder - Unrecognized hibernate.hbm2ddl.auto value: 'drop-and-create'.  Supported values include 'create', 'create-drop', 'create-only', 'drop', 'update', 'none' and 'validate'.  Ignoring
09:57:14.381 [restartedMain] INFO  o.h.b.i.BytecodeProviderInitiator - HHH000021: Bytecode provider name : bytebuddy
09:57:15.570 [restartedMain] INFO  o.h.e.t.j.p.i.JtaPlatformInitiator - HHH000490: Using JtaPlatform implementation: [org.hibernate.engine.transaction.jta.platform.internal.NoJtaPlatform]
09:57:15.852 [restartedMain] INFO  o.s.o.j.LocalContainerEntityManagerFactoryBean - Initialized JPA EntityManagerFactory for persistence unit 'default'
09:57:16.494 [restartedMain] INFO  o.s.d.j.r.query.QueryEnhancerFactory - Hibernate is in classpath; If applicable, HQL parser will be used.
09:57:17.264 [restartedMain] WARN  o.s.b.a.o.j.JpaBaseConfiguration$JpaWebConfiguration - spring.jpa.open-in-view is enabled by default. Therefore, database queries may be performed during view rendering. Explicitly configure spring.jpa.open-in-view to disable this warning
09:57:17.755 [restartedMain] INFO  o.s.s.web.DefaultSecurityFilterChain - Will secure any request with [org.springframework.security.web.session.DisableEncodeUrlFilter@5df134d0, org.springframework.security.web.context.request.async.WebAsyncManagerIntegrationFilter@37fd39c3, org.springframework.security.web.context.SecurityContextHolderFilter@68c55376, org.springframework.security.web.header.HeaderWriterFilter@11b3f362, org.springframework.web.filter.CorsFilter@12a09648, org.springframework.security.web.authentication.logout.LogoutFilter@27d1a455, com.progetto.security.security.JwtAuthenticationFilter@544d775a, org.springframework.security.web.savedrequest.RequestCacheAwareFilter@2ecb8760, org.springframework.security.web.servletapi.SecurityContextHolderAwareRequestFilter@66d0127a, org.springframework.security.web.authentication.AnonymousAuthenticationFilter@586278d8, org.springframework.security.web.session.SessionManagementFilter@6e683817, org.springframework.security.web.access.ExceptionTranslationFilter@1da91f6b, org.springframework.security.web.access.intercept.AuthorizationFilter@6a2008cd]
09:57:17.957 [restartedMain] WARN  o.s.b.a.t.ThymeleafAutoConfiguration$DefaultTemplateResolverConfiguration - Cannot find template location: classpath:/templates/ (please add some templates, check your Thymeleaf configuration, or set spring.thymeleaf.check-template-location=false)
09:57:18.143 [restartedMain] INFO  o.s.b.d.a.OptionalLiveReloadServer - LiveReload server is running on port 35729
09:57:18.200 [restartedMain] INFO  o.s.b.w.e.tomcat.TomcatWebServer - Tomcat started on port(s): 8080 (http) with context path ''
09:57:18.213 [restartedMain] INFO  c.p.ProgettoCapstoneApplication - Started ProgettoCapstoneApplication in 9.382 seconds (process running for 10.947)
10:00:57.571 [http-nio-8080-exec-1] INFO  o.a.c.c.C.[Tomcat].[localhost].[/] - Initializing Spring DispatcherServlet 'dispatcherServlet'
10:00:57.572 [http-nio-8080-exec-1] INFO  o.s.web.servlet.DispatcherServlet - Initializing Servlet 'dispatcherServlet'
10:00:57.576 [http-nio-8080-exec-1] INFO  o.s.web.servlet.DispatcherServlet - Completed initialization in 3 ms
10:00:57.810 [http-nio-8080-exec-1] WARN  o.s.w.s.m.m.a.ExceptionHandlerExceptionResolver - Resolved [jakarta.persistence.EntityNotFoundException: Nessun risultato trovato!]
10:01:13.913 [http-nio-8080-exec-2] WARN  o.s.w.s.m.m.a.ExceptionHandlerExceptionResolver - Resolved [jakarta.persistence.EntityNotFoundException: Nessun risultato trovato!]
10:07:31.529 [http-nio-8080-exec-3] WARN  o.s.w.s.m.m.a.ExceptionHandlerExceptionResolver - Resolved [jakarta.persistence.EntityNotFoundException: Nessun risultato trovato!]
10:41:55.193 [http-nio-8080-exec-10] WARN  o.s.w.s.m.m.a.ExceptionHandlerExceptionResolver - Resolved [jakarta.persistence.EntityNotFoundException: Nessun risultato trovato!]
10:44:40.102 [File Watcher] INFO  o.s.b.d.a.LocalDevToolsAutoConfiguration$RestartingClassPathChangeChangedEventListener - Restarting due to 1 class path change (0 additions, 0 deletions, 1 modification)
10:44:40.131 [Thread-5] INFO  o.a.catalina.core.StandardService - Stopping service [Tomcat]
10:44:40.135 [Thread-5] INFO  o.a.c.c.C.[Tomcat].[localhost].[/] - Destroying Spring FrameworkServlet 'dispatcherServlet'
10:44:40.140 [Thread-5] WARN  o.a.c.loader.WebappClassLoaderBase - The web application [ROOT] appears to have started a thread named [HikariPool-1 housekeeper] but has failed to stop it. This is very likely to create a memory leak. Stack trace of thread:
 java.base@17.0.7/jdk.internal.misc.Unsafe.park(Native Method)
 java.base@17.0.7/java.util.concurrent.locks.LockSupport.parkNanos(LockSupport.java:252)
 java.base@17.0.7/java.util.concurrent.locks.AbstractQueuedSynchronizer$ConditionObject.awaitNanos(AbstractQueuedSynchronizer.java:1672)
 java.base@17.0.7/java.util.concurrent.ScheduledThreadPoolExecutor$DelayedWorkQueue.take(ScheduledThreadPoolExecutor.java:1182)
 java.base@17.0.7/java.util.concurrent.ScheduledThreadPoolExecutor$DelayedWorkQueue.take(ScheduledThreadPoolExecutor.java:899)
 java.base@17.0.7/java.util.concurrent.ThreadPoolExecutor.getTask(ThreadPoolExecutor.java:1062)
 java.base@17.0.7/java.util.concurrent.ThreadPoolExecutor.runWorker(ThreadPoolExecutor.java:1122)
 java.base@17.0.7/java.util.concurrent.ThreadPoolExecutor$Worker.run(ThreadPoolExecutor.java:635)
 java.base@17.0.7/java.lang.Thread.run(Thread.java:833)
10:44:40.153 [Thread-5] INFO  o.s.o.j.LocalContainerEntityManagerFactoryBean - Closing JPA EntityManagerFactory for persistence unit 'default'
10:44:40.161 [Thread-5] INFO  com.zaxxer.hikari.HikariDataSource - HikariPool-1 - Shutdown initiated...
10:44:40.173 [Thread-5] INFO  com.zaxxer.hikari.HikariDataSource - HikariPool-1 - Shutdown completed.
10:44:40.340 [restartedMain] INFO  c.p.ProgettoCapstoneApplication - Starting ProgettoCapstoneApplication using Java 17.0.7 with PID 9848 (C:\Users\user\Desktop\Progetto Capstone\BackEnd\Progetto_Capstone\target\classes started by user in C:\Users\user\Desktop\Progetto Capstone\BackEnd\Progetto_Capstone)
10:44:40.346 [restartedMain] INFO  c.p.ProgettoCapstoneApplication - No active profile set, falling back to 1 default profile: "default"
10:44:40.877 [restartedMain] INFO  o.s.d.r.c.RepositoryConfigurationDelegate - Bootstrapping Spring Data JPA repositories in DEFAULT mode.
10:44:40.933 [restartedMain] INFO  o.s.d.r.c.RepositoryConfigurationDelegate - Finished Spring Data repository scanning in 54 ms. Found 6 JPA repository interfaces.
10:44:41.363 [restartedMain] INFO  o.s.b.w.e.tomcat.TomcatWebServer - Tomcat initialized with port(s): 8080 (http)
10:44:41.364 [restartedMain] INFO  o.a.catalina.core.StandardService - Starting service [Tomcat]
10:44:41.364 [restartedMain] INFO  o.a.catalina.core.StandardEngine - Starting Servlet engine: [Apache Tomcat/10.1.10]
10:44:41.403 [restartedMain] INFO  o.a.c.c.C.[Tomcat].[localhost].[/] - Initializing Spring embedded WebApplicationContext
10:44:41.404 [restartedMain] INFO  o.s.b.w.s.c.ServletWebServerApplicationContext - Root WebApplicationContext: initialization completed in 1053 ms
10:44:41.526 [restartedMain] INFO  o.h.jpa.internal.util.LogHelper - HHH000204: Processing PersistenceUnitInfo [name: default]
10:44:41.547 [restartedMain] INFO  o.h.b.i.BytecodeProviderInitiator - HHH000021: Bytecode provider name : bytebuddy
10:44:41.547 [restartedMain] INFO  o.s.o.j.p.SpringPersistenceUnitInfo - No LoadTimeWeaver setup: ignoring JPA class transformer
10:44:41.550 [restartedMain] INFO  com.zaxxer.hikari.HikariDataSource - HikariPool-2 - Starting...
10:44:41.666 [restartedMain] INFO  com.zaxxer.hikari.pool.HikariPool - HikariPool-2 - Added connection org.postgresql.jdbc.PgConnection@5d2ca53
10:44:41.666 [restartedMain] INFO  com.zaxxer.hikari.HikariDataSource - HikariPool-2 - Start completed.
10:44:41.771 [restartedMain] WARN  o.h.b.i.SessionFactoryOptionsBuilder - Unrecognized hibernate.hbm2ddl.auto value: 'drop-and-create'.  Supported values include 'create', 'create-drop', 'create-only', 'drop', 'update', 'none' and 'validate'.  Ignoring
10:44:41.773 [restartedMain] INFO  o.h.b.i.BytecodeProviderInitiator - HHH000021: Bytecode provider name : bytebuddy
10:44:42.500 [restartedMain] INFO  o.h.e.t.j.p.i.JtaPlatformInitiator - HHH000490: Using JtaPlatform implementation: [org.hibernate.engine.transaction.jta.platform.internal.NoJtaPlatform]
10:44:42.789 [restartedMain] INFO  o.s.o.j.LocalContainerEntityManagerFactoryBean - Initialized JPA EntityManagerFactory for persistence unit 'default'
10:44:43.649 [restartedMain] WARN  o.s.b.a.o.j.JpaBaseConfiguration$JpaWebConfiguration - spring.jpa.open-in-view is enabled by default. Therefore, database queries may be performed during view rendering. Explicitly configure spring.jpa.open-in-view to disable this warning
10:44:44.299 [restartedMain] INFO  o.s.s.web.DefaultSecurityFilterChain - Will secure any request with [org.springframework.security.web.session.DisableEncodeUrlFilter@5b153b8f, org.springframework.security.web.context.request.async.WebAsyncManagerIntegrationFilter@13a7c5df, org.springframework.security.web.context.SecurityContextHolderFilter@75d01330, org.springframework.security.web.header.HeaderWriterFilter@308ee47f, org.springframework.web.filter.CorsFilter@1a71f961, org.springframework.security.web.authentication.logout.LogoutFilter@3f9ac753, com.progetto.security.security.JwtAuthenticationFilter@69dbc11e, org.springframework.security.web.savedrequest.RequestCacheAwareFilter@19b7fcb6, org.springframework.security.web.servletapi.SecurityContextHolderAwareRequestFilter@5e5d5ee3, org.springframework.security.web.authentication.AnonymousAuthenticationFilter@35a8f1f7, org.springframework.security.web.session.SessionManagementFilter@1167570, org.springframework.security.web.access.ExceptionTranslationFilter@25dcac6, org.springframework.security.web.access.intercept.AuthorizationFilter@715bc5b5]
10:44:44.434 [restartedMain] WARN  o.s.b.a.t.ThymeleafAutoConfiguration$DefaultTemplateResolverConfiguration - Cannot find template location: classpath:/templates/ (please add some templates, check your Thymeleaf configuration, or set spring.thymeleaf.check-template-location=false)
10:44:44.539 [restartedMain] INFO  o.s.b.d.a.OptionalLiveReloadServer - LiveReload server is running on port 35729
10:44:44.556 [restartedMain] INFO  o.s.b.w.e.tomcat.TomcatWebServer - Tomcat started on port(s): 8080 (http) with context path ''
10:44:44.560 [restartedMain] INFO  c.p.ProgettoCapstoneApplication - Started ProgettoCapstoneApplication in 4.279 seconds (process running for 2857.294)
10:44:44.814 [restartedMain] INFO  o.s.b.d.a.ConditionEvaluationDeltaLoggingListener - Condition evaluation unchanged
10:44:46.219 [File Watcher] INFO  o.s.b.d.a.LocalDevToolsAutoConfiguration$RestartingClassPathChangeChangedEventListener - Restarting due to 3 class path changes (0 additions, 0 deletions, 3 modifications)
10:44:46.252 [Thread-7] INFO  o.a.catalina.core.StandardService - Stopping service [Tomcat]
10:44:46.256 [Thread-7] WARN  o.a.c.loader.WebappClassLoaderBase - The web application [ROOT] appears to have started a thread named [HikariPool-2 housekeeper] but has failed to stop it. This is very likely to create a memory leak. Stack trace of thread:
 java.base@17.0.7/jdk.internal.misc.Unsafe.park(Native Method)
 java.base@17.0.7/java.util.concurrent.locks.LockSupport.parkNanos(LockSupport.java:252)
 java.base@17.0.7/java.util.concurrent.locks.AbstractQueuedSynchronizer$ConditionObject.awaitNanos(AbstractQueuedSynchronizer.java:1672)
 java.base@17.0.7/java.util.concurrent.ScheduledThreadPoolExecutor$DelayedWorkQueue.take(ScheduledThreadPoolExecutor.java:1182)
 java.base@17.0.7/java.util.concurrent.ScheduledThreadPoolExecutor$DelayedWorkQueue.take(ScheduledThreadPoolExecutor.java:899)
 java.base@17.0.7/java.util.concurrent.ThreadPoolExecutor.getTask(ThreadPoolExecutor.java:1062)
 java.base@17.0.7/java.util.concurrent.ThreadPoolExecutor.runWorker(ThreadPoolExecutor.java:1122)
 java.base@17.0.7/java.util.concurrent.ThreadPoolExecutor$Worker.run(ThreadPoolExecutor.java:635)
 java.base@17.0.7/java.lang.Thread.run(Thread.java:833)
10:44:46.257 [Thread-7] WARN  o.a.c.loader.WebappClassLoaderBase - The web application [ROOT] appears to have started a thread named [HikariPool-2 connection adder] but has failed to stop it. This is very likely to create a memory leak. Stack trace of thread:
 java.base@17.0.7/jdk.internal.misc.Unsafe.park(Native Method)
 java.base@17.0.7/java.util.concurrent.locks.LockSupport.parkNanos(LockSupport.java:252)
 java.base@17.0.7/java.util.concurrent.locks.AbstractQueuedSynchronizer$ConditionObject.awaitNanos(AbstractQueuedSynchronizer.java:1672)
 java.base@17.0.7/java.util.concurrent.LinkedBlockingQueue.poll(LinkedBlockingQueue.java:460)
 java.base@17.0.7/java.util.concurrent.ThreadPoolExecutor.getTask(ThreadPoolExecutor.java:1061)
 java.base@17.0.7/java.util.concurrent.ThreadPoolExecutor.runWorker(ThreadPoolExecutor.java:1122)
 java.base@17.0.7/java.util.concurrent.ThreadPoolExecutor$Worker.run(ThreadPoolExecutor.java:635)
 java.base@17.0.7/java.lang.Thread.run(Thread.java:833)
10:44:46.264 [Thread-7] INFO  o.s.o.j.LocalContainerEntityManagerFactoryBean - Closing JPA EntityManagerFactory for persistence unit 'default'
10:44:46.265 [Thread-7] INFO  com.zaxxer.hikari.HikariDataSource - HikariPool-2 - Shutdown initiated...
10:44:46.278 [Thread-7] INFO  com.zaxxer.hikari.HikariDataSource - HikariPool-2 - Shutdown completed.
10:44:46.415 [restartedMain] INFO  c.p.ProgettoCapstoneApplication - Starting ProgettoCapstoneApplication using Java 17.0.7 with PID 9848 (C:\Users\user\Desktop\Progetto Capstone\BackEnd\Progetto_Capstone\target\classes started by user in C:\Users\user\Desktop\Progetto Capstone\BackEnd\Progetto_Capstone)
10:44:46.416 [restartedMain] INFO  c.p.ProgettoCapstoneApplication - No active profile set, falling back to 1 default profile: "default"
10:44:46.763 [restartedMain] INFO  o.s.d.r.c.RepositoryConfigurationDelegate - Bootstrapping Spring Data JPA repositories in DEFAULT mode.
10:44:46.895 [restartedMain] INFO  o.s.d.r.c.RepositoryConfigurationDelegate - Finished Spring Data repository scanning in 131 ms. Found 6 JPA repository interfaces.
10:44:47.149 [restartedMain] INFO  o.s.b.w.e.tomcat.TomcatWebServer - Tomcat initialized with port(s): 8080 (http)
10:44:47.150 [restartedMain] INFO  o.a.catalina.core.StandardService - Starting service [Tomcat]
10:44:47.150 [restartedMain] INFO  o.a.catalina.core.StandardEngine - Starting Servlet engine: [Apache Tomcat/10.1.10]
10:44:47.183 [restartedMain] INFO  o.a.c.c.C.[Tomcat].[localhost].[/] - Initializing Spring embedded WebApplicationContext
10:44:47.183 [restartedMain] INFO  o.s.b.w.s.c.ServletWebServerApplicationContext - Root WebApplicationContext: initialization completed in 762 ms
10:44:47.296 [restartedMain] INFO  o.h.jpa.internal.util.LogHelper - HHH000204: Processing PersistenceUnitInfo [name: default]
10:44:47.317 [restartedMain] INFO  o.h.b.i.BytecodeProviderInitiator - HHH000021: Bytecode provider name : bytebuddy
10:44:47.317 [restartedMain] INFO  o.s.o.j.p.SpringPersistenceUnitInfo - No LoadTimeWeaver setup: ignoring JPA class transformer
10:44:47.319 [restartedMain] INFO  com.zaxxer.hikari.HikariDataSource - HikariPool-3 - Starting...
10:44:47.429 [restartedMain] INFO  com.zaxxer.hikari.pool.HikariPool - HikariPool-3 - Added connection org.postgresql.jdbc.PgConnection@3054dba0
10:44:47.430 [restartedMain] INFO  com.zaxxer.hikari.HikariDataSource - HikariPool-3 - Start completed.
10:44:47.521 [restartedMain] WARN  o.h.b.i.SessionFactoryOptionsBuilder - Unrecognized hibernate.hbm2ddl.auto value: 'drop-and-create'.  Supported values include 'create', 'create-drop', 'create-only', 'drop', 'update', 'none' and 'validate'.  Ignoring
10:44:47.523 [restartedMain] INFO  o.h.b.i.BytecodeProviderInitiator - HHH000021: Bytecode provider name : bytebuddy
10:44:47.730 [restartedMain] INFO  o.h.e.t.j.p.i.JtaPlatformInitiator - HHH000490: Using JtaPlatform implementation: [org.hibernate.engine.transaction.jta.platform.internal.NoJtaPlatform]
10:44:47.955 [restartedMain] INFO  o.s.o.j.LocalContainerEntityManagerFactoryBean - Initialized JPA EntityManagerFactory for persistence unit 'default'
10:44:48.611 [restartedMain] WARN  o.s.b.a.o.j.JpaBaseConfiguration$JpaWebConfiguration - spring.jpa.open-in-view is enabled by default. Therefore, database queries may be performed during view rendering. Explicitly configure spring.jpa.open-in-view to disable this warning
10:44:49.074 [restartedMain] INFO  o.s.s.web.DefaultSecurityFilterChain - Will secure any request with [org.springframework.security.web.session.DisableEncodeUrlFilter@4150156, org.springframework.security.web.context.request.async.WebAsyncManagerIntegrationFilter@259ccc99, org.springframework.security.web.context.SecurityContextHolderFilter@50394ab6, org.springframework.security.web.header.HeaderWriterFilter@2a5e631d, org.springframework.web.filter.CorsFilter@b00f79d, org.springframework.security.web.authentication.logout.LogoutFilter@2c01b538, com.progetto.security.security.JwtAuthenticationFilter@5e7a7bcb, org.springframework.security.web.savedrequest.RequestCacheAwareFilter@159933e9, org.springframework.security.web.servletapi.SecurityContextHolderAwareRequestFilter@4c06fccc, org.springframework.security.web.authentication.AnonymousAuthenticationFilter@5b5fa3b, org.springframework.security.web.session.SessionManagementFilter@4f96a3bd, org.springframework.security.web.access.ExceptionTranslationFilter@7ad7f65e, org.springframework.security.web.access.intercept.AuthorizationFilter@bc0af61]
10:44:49.141 [restartedMain] WARN  o.s.b.a.t.ThymeleafAutoConfiguration$DefaultTemplateResolverConfiguration - Cannot find template location: classpath:/templates/ (please add some templates, check your Thymeleaf configuration, or set spring.thymeleaf.check-template-location=false)
10:44:49.229 [restartedMain] INFO  o.s.b.d.a.OptionalLiveReloadServer - LiveReload server is running on port 35729
10:44:49.247 [restartedMain] INFO  o.s.b.w.e.tomcat.TomcatWebServer - Tomcat started on port(s): 8080 (http) with context path ''
10:44:49.254 [restartedMain] INFO  c.p.ProgettoCapstoneApplication - Started ProgettoCapstoneApplication in 2.885 seconds (process running for 2861.988)
10:44:49.425 [restartedMain] INFO  o.s.b.d.a.ConditionEvaluationDeltaLoggingListener - Condition evaluation unchanged
10:45:00.828 [File Watcher] INFO  o.s.b.d.a.LocalDevToolsAutoConfiguration$RestartingClassPathChangeChangedEventListener - Restarting due to 2 class path changes (0 additions, 0 deletions, 2 modifications)
10:45:00.979 [Thread-11] INFO  o.a.catalina.core.StandardService - Stopping service [Tomcat]
10:45:00.986 [Thread-11] WARN  o.a.c.loader.WebappClassLoaderBase - The web application [ROOT] appears to have started a thread named [HikariPool-3 housekeeper] but has failed to stop it. This is very likely to create a memory leak. Stack trace of thread:
 java.base@17.0.7/jdk.internal.misc.Unsafe.park(Native Method)
 java.base@17.0.7/java.util.concurrent.locks.LockSupport.parkNanos(LockSupport.java:252)
 java.base@17.0.7/java.util.concurrent.locks.AbstractQueuedSynchronizer$ConditionObject.awaitNanos(AbstractQueuedSynchronizer.java:1672)
 java.base@17.0.7/java.util.concurrent.ScheduledThreadPoolExecutor$DelayedWorkQueue.take(ScheduledThreadPoolExecutor.java:1182)
 java.base@17.0.7/java.util.concurrent.ScheduledThreadPoolExecutor$DelayedWorkQueue.take(ScheduledThreadPoolExecutor.java:899)
 java.base@17.0.7/java.util.concurrent.ThreadPoolExecutor.getTask(ThreadPoolExecutor.java:1062)
 java.base@17.0.7/java.util.concurrent.ThreadPoolExecutor.runWorker(ThreadPoolExecutor.java:1122)
 java.base@17.0.7/java.util.concurrent.ThreadPoolExecutor$Worker.run(ThreadPoolExecutor.java:635)
 java.base@17.0.7/java.lang.Thread.run(Thread.java:833)
10:45:00.990 [Thread-11] INFO  o.s.o.j.LocalContainerEntityManagerFactoryBean - Closing JPA EntityManagerFactory for persistence unit 'default'
10:45:00.991 [Thread-11] INFO  com.zaxxer.hikari.HikariDataSource - HikariPool-3 - Shutdown initiated...
10:45:01.032 [Thread-11] INFO  com.zaxxer.hikari.HikariDataSource - HikariPool-3 - Shutdown completed.
10:45:01.517 [restartedMain] INFO  c.p.ProgettoCapstoneApplication - Starting ProgettoCapstoneApplication using Java 17.0.7 with PID 9848 (C:\Users\user\Desktop\Progetto Capstone\BackEnd\Progetto_Capstone\target\classes started by user in C:\Users\user\Desktop\Progetto Capstone\BackEnd\Progetto_Capstone)
10:45:01.517 [restartedMain] INFO  c.p.ProgettoCapstoneApplication - No active profile set, falling back to 1 default profile: "default"
10:45:02.606 [restartedMain] INFO  o.s.d.r.c.RepositoryConfigurationDelegate - Bootstrapping Spring Data JPA repositories in DEFAULT mode.
10:45:02.650 [restartedMain] INFO  o.s.d.r.c.RepositoryConfigurationDelegate - Finished Spring Data repository scanning in 43 ms. Found 6 JPA repository interfaces.
10:45:02.886 [restartedMain] INFO  o.s.b.w.e.tomcat.TomcatWebServer - Tomcat initialized with port(s): 8080 (http)
10:45:02.887 [restartedMain] INFO  o.a.catalina.core.StandardService - Starting service [Tomcat]
10:45:02.887 [restartedMain] INFO  o.a.catalina.core.StandardEngine - Starting Servlet engine: [Apache Tomcat/10.1.10]
10:45:02.923 [restartedMain] INFO  o.a.c.c.C.[Tomcat].[localhost].[/] - Initializing Spring embedded WebApplicationContext
10:45:02.924 [restartedMain] INFO  o.s.b.w.s.c.ServletWebServerApplicationContext - Root WebApplicationContext: initialization completed in 1381 ms
10:45:03.044 [restartedMain] INFO  o.h.jpa.internal.util.LogHelper - HHH000204: Processing PersistenceUnitInfo [name: default]
10:45:03.064 [restartedMain] INFO  o.h.b.i.BytecodeProviderInitiator - HHH000021: Bytecode provider name : bytebuddy
10:45:03.070 [restartedMain] INFO  o.s.o.j.p.SpringPersistenceUnitInfo - No LoadTimeWeaver setup: ignoring JPA class transformer
10:45:03.080 [restartedMain] INFO  com.zaxxer.hikari.HikariDataSource - HikariPool-4 - Starting...
10:45:03.170 [restartedMain] INFO  com.zaxxer.hikari.pool.HikariPool - HikariPool-4 - Added connection org.postgresql.jdbc.PgConnection@21d4fe47
10:45:03.171 [restartedMain] INFO  com.zaxxer.hikari.HikariDataSource - HikariPool-4 - Start completed.
10:45:03.229 [restartedMain] WARN  o.h.b.i.SessionFactoryOptionsBuilder - Unrecognized hibernate.hbm2ddl.auto value: 'drop-and-create'.  Supported values include 'create', 'create-drop', 'create-only', 'drop', 'update', 'none' and 'validate'.  Ignoring
10:45:03.230 [restartedMain] INFO  o.h.b.i.BytecodeProviderInitiator - HHH000021: Bytecode provider name : bytebuddy
10:45:03.423 [restartedMain] INFO  o.h.e.t.j.p.i.JtaPlatformInitiator - HHH000490: Using JtaPlatform implementation: [org.hibernate.engine.transaction.jta.platform.internal.NoJtaPlatform]
10:45:03.640 [restartedMain] INFO  o.s.o.j.LocalContainerEntityManagerFactoryBean - Initialized JPA EntityManagerFactory for persistence unit 'default'
10:45:04.362 [restartedMain] WARN  o.s.b.a.o.j.JpaBaseConfiguration$JpaWebConfiguration - spring.jpa.open-in-view is enabled by default. Therefore, database queries may be performed during view rendering. Explicitly configure spring.jpa.open-in-view to disable this warning
10:45:04.716 [restartedMain] INFO  o.s.s.web.DefaultSecurityFilterChain - Will secure any request with [org.springframework.security.web.session.DisableEncodeUrlFilter@21fa86d6, org.springframework.security.web.context.request.async.WebAsyncManagerIntegrationFilter@753afe62, org.springframework.security.web.context.SecurityContextHolderFilter@1c16f4d, org.springframework.security.web.header.HeaderWriterFilter@43a2c5c8, org.springframework.web.filter.CorsFilter@4bf4c2ce, org.springframework.security.web.authentication.logout.LogoutFilter@6f976073, com.progetto.security.security.JwtAuthenticationFilter@48e8e71e, org.springframework.security.web.savedrequest.RequestCacheAwareFilter@120aef4f, org.springframework.security.web.servletapi.SecurityContextHolderAwareRequestFilter@4753e443, org.springframework.security.web.authentication.AnonymousAuthenticationFilter@61c0c790, org.springframework.security.web.session.SessionManagementFilter@4e4d835f, org.springframework.security.web.access.ExceptionTranslationFilter@699f58f2, org.springframework.security.web.access.intercept.AuthorizationFilter@728b02b2]
10:45:04.768 [restartedMain] WARN  o.s.b.a.t.ThymeleafAutoConfiguration$DefaultTemplateResolverConfiguration - Cannot find template location: classpath:/templates/ (please add some templates, check your Thymeleaf configuration, or set spring.thymeleaf.check-template-location=false)
10:45:04.848 [restartedMain] INFO  o.s.b.d.a.OptionalLiveReloadServer - LiveReload server is running on port 35729
10:45:04.869 [restartedMain] INFO  o.s.b.w.e.tomcat.TomcatWebServer - Tomcat started on port(s): 8080 (http) with context path ''
10:45:04.875 [restartedMain] INFO  c.p.ProgettoCapstoneApplication - Started ProgettoCapstoneApplication in 3.699 seconds (process running for 2877.609)
10:45:05.046 [restartedMain] INFO  o.s.b.d.a.ConditionEvaluationDeltaLoggingListener - Condition evaluation unchanged
10:45:37.624 [File Watcher] INFO  o.s.b.d.a.LocalDevToolsAutoConfiguration$RestartingClassPathChangeChangedEventListener - Restarting due to 1 class path change (0 additions, 0 deletions, 1 modification)
10:45:37.636 [Thread-15] INFO  o.a.catalina.core.StandardService - Stopping service [Tomcat]
10:45:37.638 [Thread-15] WARN  o.a.c.loader.WebappClassLoaderBase - The web application [ROOT] appears to have started a thread named [HikariPool-4 housekeeper] but has failed to stop it. This is very likely to create a memory leak. Stack trace of thread:
 java.base@17.0.7/jdk.internal.misc.Unsafe.park(Native Method)
 java.base@17.0.7/java.util.concurrent.locks.LockSupport.parkNanos(LockSupport.java:252)
 java.base@17.0.7/java.util.concurrent.locks.AbstractQueuedSynchronizer$ConditionObject.awaitNanos(AbstractQueuedSynchronizer.java:1672)
 java.base@17.0.7/java.util.concurrent.ScheduledThreadPoolExecutor$DelayedWorkQueue.take(ScheduledThreadPoolExecutor.java:1182)
 java.base@17.0.7/java.util.concurrent.ScheduledThreadPoolExecutor$DelayedWorkQueue.take(ScheduledThreadPoolExecutor.java:899)
 java.base@17.0.7/java.util.concurrent.ThreadPoolExecutor.getTask(ThreadPoolExecutor.java:1062)
 java.base@17.0.7/java.util.concurrent.ThreadPoolExecutor.runWorker(ThreadPoolExecutor.java:1122)
 java.base@17.0.7/java.util.concurrent.ThreadPoolExecutor$Worker.run(ThreadPoolExecutor.java:635)
 java.base@17.0.7/java.lang.Thread.run(Thread.java:833)
10:45:37.642 [Thread-15] INFO  o.s.o.j.LocalContainerEntityManagerFactoryBean - Closing JPA EntityManagerFactory for persistence unit 'default'
10:45:37.643 [Thread-15] INFO  com.zaxxer.hikari.HikariDataSource - HikariPool-4 - Shutdown initiated...
10:45:37.653 [Thread-15] INFO  com.zaxxer.hikari.HikariDataSource - HikariPool-4 - Shutdown completed.
10:45:37.757 [restartedMain] INFO  c.p.ProgettoCapstoneApplication - Starting ProgettoCapstoneApplication using Java 17.0.7 with PID 9848 (C:\Users\user\Desktop\Progetto Capstone\BackEnd\Progetto_Capstone\target\classes started by user in C:\Users\user\Desktop\Progetto Capstone\BackEnd\Progetto_Capstone)
10:45:37.757 [restartedMain] INFO  c.p.ProgettoCapstoneApplication - No active profile set, falling back to 1 default profile: "default"
10:45:37.988 [restartedMain] INFO  o.s.d.r.c.RepositoryConfigurationDelegate - Bootstrapping Spring Data JPA repositories in DEFAULT mode.
10:45:38.019 [restartedMain] INFO  o.s.d.r.c.RepositoryConfigurationDelegate - Finished Spring Data repository scanning in 30 ms. Found 6 JPA repository interfaces.
10:45:38.144 [restartedMain] INFO  o.s.b.w.e.tomcat.TomcatWebServer - Tomcat initialized with port(s): 8080 (http)
10:45:38.145 [restartedMain] INFO  o.a.catalina.core.StandardService - Starting service [Tomcat]
10:45:38.145 [restartedMain] INFO  o.a.catalina.core.StandardEngine - Starting Servlet engine: [Apache Tomcat/10.1.10]
10:45:38.170 [restartedMain] INFO  o.a.c.c.C.[Tomcat].[localhost].[/] - Initializing Spring embedded WebApplicationContext
10:45:38.170 [restartedMain] INFO  o.s.b.w.s.c.ServletWebServerApplicationContext - Root WebApplicationContext: initialization completed in 410 ms
10:45:38.256 [restartedMain] INFO  o.h.jpa.internal.util.LogHelper - HHH000204: Processing PersistenceUnitInfo [name: default]
10:45:38.270 [restartedMain] INFO  o.h.b.i.BytecodeProviderInitiator - HHH000021: Bytecode provider name : bytebuddy
10:45:38.270 [restartedMain] INFO  o.s.o.j.p.SpringPersistenceUnitInfo - No LoadTimeWeaver setup: ignoring JPA class transformer
10:45:38.272 [restartedMain] INFO  com.zaxxer.hikari.HikariDataSource - HikariPool-5 - Starting...
10:45:38.374 [restartedMain] INFO  com.zaxxer.hikari.pool.HikariPool - HikariPool-5 - Added connection org.postgresql.jdbc.PgConnection@20e9a313
10:45:38.374 [restartedMain] INFO  com.zaxxer.hikari.HikariDataSource - HikariPool-5 - Start completed.
10:45:38.418 [restartedMain] WARN  o.h.b.i.SessionFactoryOptionsBuilder - Unrecognized hibernate.hbm2ddl.auto value: 'drop-and-create'.  Supported values include 'create', 'create-drop', 'create-only', 'drop', 'update', 'none' and 'validate'.  Ignoring
10:45:38.419 [restartedMain] INFO  o.h.b.i.BytecodeProviderInitiator - HHH000021: Bytecode provider name : bytebuddy
10:45:38.510 [restartedMain] INFO  o.h.e.t.j.p.i.JtaPlatformInitiator - HHH000490: Using JtaPlatform implementation: [org.hibernate.engine.transaction.jta.platform.internal.NoJtaPlatform]
10:45:38.690 [restartedMain] INFO  o.s.o.j.LocalContainerEntityManagerFactoryBean - Initialized JPA EntityManagerFactory for persistence unit 'default'
10:45:39.135 [restartedMain] WARN  o.s.b.a.o.j.JpaBaseConfiguration$JpaWebConfiguration - spring.jpa.open-in-view is enabled by default. Therefore, database queries may be performed during view rendering. Explicitly configure spring.jpa.open-in-view to disable this warning
10:45:39.397 [restartedMain] INFO  o.s.s.web.DefaultSecurityFilterChain - Will secure any request with [org.springframework.security.web.session.DisableEncodeUrlFilter@470efffe, org.springframework.security.web.context.request.async.WebAsyncManagerIntegrationFilter@4ae146b2, org.springframework.security.web.context.SecurityContextHolderFilter@2b6aa74a, org.springframework.security.web.header.HeaderWriterFilter@274cb4d5, org.springframework.web.filter.CorsFilter@19531403, org.springframework.security.web.authentication.logout.LogoutFilter@4479237e, com.progetto.security.security.JwtAuthenticationFilter@40ea764b, org.springframework.security.web.savedrequest.RequestCacheAwareFilter@21c5488e, org.springframework.security.web.servletapi.SecurityContextHolderAwareRequestFilter@63edaa7f, org.springframework.security.web.authentication.AnonymousAuthenticationFilter@4376bfea, org.springframework.security.web.session.SessionManagementFilter@5491ae4d, org.springframework.security.web.access.ExceptionTranslationFilter@7ddeff66, org.springframework.security.web.access.intercept.AuthorizationFilter@41c36784]
10:45:39.463 [restartedMain] WARN  o.s.b.a.t.ThymeleafAutoConfiguration$DefaultTemplateResolverConfiguration - Cannot find template location: classpath:/templates/ (please add some templates, check your Thymeleaf configuration, or set spring.thymeleaf.check-template-location=false)
10:45:39.533 [restartedMain] INFO  o.s.b.d.a.OptionalLiveReloadServer - LiveReload server is running on port 35729
10:45:39.551 [restartedMain] INFO  o.s.b.w.e.tomcat.TomcatWebServer - Tomcat started on port(s): 8080 (http) with context path ''
10:45:39.556 [restartedMain] INFO  c.p.ProgettoCapstoneApplication - Started ProgettoCapstoneApplication in 1.829 seconds (process running for 2912.291)
10:45:39.928 [restartedMain] INFO  o.s.b.d.a.ConditionEvaluationDeltaLoggingListener - Condition evaluation unchanged
10:46:04.968 [File Watcher] INFO  o.s.b.d.a.LocalDevToolsAutoConfiguration$RestartingClassPathChangeChangedEventListener - Restarting due to 58 class path changes (0 additions, 4 deletions, 54 modifications)
10:46:04.997 [Thread-19] INFO  o.a.catalina.core.StandardService - Stopping service [Tomcat]
10:46:05.000 [Thread-19] WARN  o.a.c.loader.WebappClassLoaderBase - The web application [ROOT] appears to have started a thread named [HikariPool-5 housekeeper] but has failed to stop it. This is very likely to create a memory leak. Stack trace of thread:
 java.base@17.0.7/jdk.internal.misc.Unsafe.park(Native Method)
 java.base@17.0.7/java.util.concurrent.locks.LockSupport.parkNanos(LockSupport.java:252)
 java.base@17.0.7/java.util.concurrent.locks.AbstractQueuedSynchronizer$ConditionObject.awaitNanos(AbstractQueuedSynchronizer.java:1672)
 java.base@17.0.7/java.util.concurrent.ScheduledThreadPoolExecutor$DelayedWorkQueue.take(ScheduledThreadPoolExecutor.java:1182)
 java.base@17.0.7/java.util.concurrent.ScheduledThreadPoolExecutor$DelayedWorkQueue.take(ScheduledThreadPoolExecutor.java:899)
 java.base@17.0.7/java.util.concurrent.ThreadPoolExecutor.getTask(ThreadPoolExecutor.java:1062)
 java.base@17.0.7/java.util.concurrent.ThreadPoolExecutor.runWorker(ThreadPoolExecutor.java:1122)
 java.base@17.0.7/java.util.concurrent.ThreadPoolExecutor$Worker.run(ThreadPoolExecutor.java:635)
 java.base@17.0.7/java.lang.Thread.run(Thread.java:833)
10:46:05.004 [Thread-19] INFO  o.s.o.j.LocalContainerEntityManagerFactoryBean - Closing JPA EntityManagerFactory for persistence unit 'default'
10:46:05.004 [Thread-19] INFO  com.zaxxer.hikari.HikariDataSource - HikariPool-5 - Shutdown initiated...
10:46:05.017 [Thread-19] INFO  com.zaxxer.hikari.HikariDataSource - HikariPool-5 - Shutdown completed.
10:46:08.648 [restartedMain] INFO  c.p.ProgettoCapstoneApplication - Starting ProgettoCapstoneApplication using Java 17.0.7 with PID 9848 (C:\Users\user\Desktop\Progetto Capstone\BackEnd\Progetto_Capstone\target\classes started by user in C:\Users\user\Desktop\Progetto Capstone\BackEnd\Progetto_Capstone)
10:46:08.649 [restartedMain] INFO  c.p.ProgettoCapstoneApplication - No active profile set, falling back to 1 default profile: "default"
10:46:08.952 [restartedMain] INFO  o.s.d.r.c.RepositoryConfigurationDelegate - Bootstrapping Spring Data JPA repositories in DEFAULT mode.
10:46:08.984 [restartedMain] INFO  o.s.d.r.c.RepositoryConfigurationDelegate - Finished Spring Data repository scanning in 30 ms. Found 6 JPA repository interfaces.
10:46:09.108 [restartedMain] INFO  o.s.b.w.e.tomcat.TomcatWebServer - Tomcat initialized with port(s): 8080 (http)
10:46:09.111 [restartedMain] INFO  o.a.catalina.core.StandardService - Starting service [Tomcat]
10:46:09.111 [restartedMain] INFO  o.a.catalina.core.StandardEngine - Starting Servlet engine: [Apache Tomcat/10.1.10]
10:46:09.136 [restartedMain] INFO  o.a.c.c.C.[Tomcat-1].[localhost].[/] - Initializing Spring embedded WebApplicationContext
10:46:09.136 [restartedMain] INFO  o.s.b.w.s.c.ServletWebServerApplicationContext - Root WebApplicationContext: initialization completed in 482 ms
10:46:09.196 [restartedMain] INFO  o.h.jpa.internal.util.LogHelper - HHH000204: Processing PersistenceUnitInfo [name: default]
10:46:09.209 [restartedMain] INFO  o.h.b.i.BytecodeProviderInitiator - HHH000021: Bytecode provider name : bytebuddy
10:46:09.209 [restartedMain] INFO  o.s.o.j.p.SpringPersistenceUnitInfo - No LoadTimeWeaver setup: ignoring JPA class transformer
10:46:09.212 [restartedMain] INFO  com.zaxxer.hikari.HikariDataSource - HikariPool-6 - Starting...
10:46:09.288 [restartedMain] INFO  com.zaxxer.hikari.pool.HikariPool - HikariPool-6 - Added connection org.postgresql.jdbc.PgConnection@9ef95f6
10:46:09.288 [restartedMain] INFO  com.zaxxer.hikari.HikariDataSource - HikariPool-6 - Start completed.
10:46:09.337 [restartedMain] WARN  o.h.b.i.SessionFactoryOptionsBuilder - Unrecognized hibernate.hbm2ddl.auto value: 'drop-and-create'.  Supported values include 'create', 'create-drop', 'create-only', 'drop', 'update', 'none' and 'validate'.  Ignoring
10:46:09.339 [restartedMain] INFO  o.h.b.i.BytecodeProviderInitiator - HHH000021: Bytecode provider name : bytebuddy
10:46:09.436 [restartedMain] INFO  o.h.e.t.j.p.i.JtaPlatformInitiator - HHH000490: Using JtaPlatform implementation: [org.hibernate.engine.transaction.jta.platform.internal.NoJtaPlatform]
10:46:09.606 [restartedMain] INFO  o.s.o.j.LocalContainerEntityManagerFactoryBean - Initialized JPA EntityManagerFactory for persistence unit 'default'
10:46:10.080 [restartedMain] WARN  o.s.b.a.o.j.JpaBaseConfiguration$JpaWebConfiguration - spring.jpa.open-in-view is enabled by default. Therefore, database queries may be performed during view rendering. Explicitly configure spring.jpa.open-in-view to disable this warning
10:46:10.339 [restartedMain] INFO  o.s.s.web.DefaultSecurityFilterChain - Will secure any request with [org.springframework.security.web.session.DisableEncodeUrlFilter@8c68fa7, org.springframework.security.web.context.request.async.WebAsyncManagerIntegrationFilter@37ba731e, org.springframework.security.web.context.SecurityContextHolderFilter@42ef271a, org.springframework.security.web.header.HeaderWriterFilter@cc4e06b, org.springframework.web.filter.CorsFilter@618e7832, org.springframework.security.web.authentication.logout.LogoutFilter@2573461f, com.progetto.security.security.JwtAuthenticationFilter@2eea0cb9, org.springframework.security.web.savedrequest.RequestCacheAwareFilter@3cc634f9, org.springframework.security.web.servletapi.SecurityContextHolderAwareRequestFilter@172a4cb2, org.springframework.security.web.authentication.AnonymousAuthenticationFilter@2692ae5b, org.springframework.security.web.session.SessionManagementFilter@35c79f71, org.springframework.security.web.access.ExceptionTranslationFilter@58b4cc62, org.springframework.security.web.access.intercept.AuthorizationFilter@6d1549d9]
10:46:10.392 [restartedMain] WARN  o.s.b.a.t.ThymeleafAutoConfiguration$DefaultTemplateResolverConfiguration - Cannot find template location: classpath:/templates/ (please add some templates, check your Thymeleaf configuration, or set spring.thymeleaf.check-template-location=false)
10:46:10.459 [restartedMain] INFO  o.s.b.d.a.OptionalLiveReloadServer - LiveReload server is running on port 35729
10:46:10.474 [restartedMain] INFO  o.s.b.w.e.tomcat.TomcatWebServer - Tomcat started on port(s): 8080 (http) with context path ''
10:46:10.481 [restartedMain] INFO  c.p.ProgettoCapstoneApplication - Started ProgettoCapstoneApplication in 1.877 seconds (process running for 2943.216)
10:46:10.638 [restartedMain] INFO  o.s.b.d.a.ConditionEvaluationDeltaLoggingListener - Condition evaluation unchanged
10:52:35.725 [http-nio-8080-exec-2] INFO  o.a.c.c.C.[Tomcat-1].[localhost].[/] - Initializing Spring DispatcherServlet 'dispatcherServlet'
10:52:35.725 [http-nio-8080-exec-2] INFO  o.s.web.servlet.DispatcherServlet - Initializing Servlet 'dispatcherServlet'
10:52:35.727 [http-nio-8080-exec-2] INFO  o.s.web.servlet.DispatcherServlet - Completed initialization in 1 ms
10:59:37.097 [RMI TCP Connection(66)-127.0.0.1] INFO  o.s.b.a.SpringApplicationAdminMXBeanRegistrar$SpringApplicationAdmin - Application shutdown requested.
10:59:37.166 [RMI TCP Connection(66)-127.0.0.1] INFO  o.a.catalina.core.StandardService - Stopping service [Tomcat]
10:59:37.166 [RMI TCP Connection(66)-127.0.0.1] INFO  o.a.c.c.C.[Tomcat-1].[localhost].[/] - Destroying Spring FrameworkServlet 'dispatcherServlet'
10:59:37.170 [RMI TCP Connection(66)-127.0.0.1] WARN  o.a.c.loader.WebappClassLoaderBase - The web application [ROOT] appears to have started a thread named [HikariPool-6 housekeeper] but has failed to stop it. This is very likely to create a memory leak. Stack trace of thread:
 java.base@17.0.7/jdk.internal.misc.Unsafe.park(Native Method)
 java.base@17.0.7/java.util.concurrent.locks.LockSupport.parkNanos(LockSupport.java:252)
 java.base@17.0.7/java.util.concurrent.locks.AbstractQueuedSynchronizer$ConditionObject.awaitNanos(AbstractQueuedSynchronizer.java:1672)
 java.base@17.0.7/java.util.concurrent.ScheduledThreadPoolExecutor$DelayedWorkQueue.take(ScheduledThreadPoolExecutor.java:1182)
 java.base@17.0.7/java.util.concurrent.ScheduledThreadPoolExecutor$DelayedWorkQueue.take(ScheduledThreadPoolExecutor.java:899)
 java.base@17.0.7/java.util.concurrent.ThreadPoolExecutor.getTask(ThreadPoolExecutor.java:1062)
 java.base@17.0.7/java.util.concurrent.ThreadPoolExecutor.runWorker(ThreadPoolExecutor.java:1122)
 java.base@17.0.7/java.util.concurrent.ThreadPoolExecutor$Worker.run(ThreadPoolExecutor.java:635)
 java.base@17.0.7/java.lang.Thread.run(Thread.java:833)
10:59:37.176 [RMI TCP Connection(66)-127.0.0.1] INFO  o.s.o.j.LocalContainerEntityManagerFactoryBean - Closing JPA EntityManagerFactory for persistence unit 'default'
10:59:37.176 [RMI TCP Connection(66)-127.0.0.1] INFO  com.zaxxer.hikari.HikariDataSource - HikariPool-6 - Shutdown initiated...
10:59:37.199 [RMI TCP Connection(66)-127.0.0.1] INFO  com.zaxxer.hikari.HikariDataSource - HikariPool-6 - Shutdown completed.
10:59:44.486 [restartedMain] INFO  c.p.ProgettoCapstoneApplication - Starting ProgettoCapstoneApplication using Java 17.0.7 with PID 10564 (C:\Users\user\Desktop\Progetto Capstone\BackEnd\Progetto_Capstone\target\classes started by user in C:\Users\user\Desktop\Progetto Capstone\BackEnd\Progetto_Capstone)
10:59:44.490 [restartedMain] INFO  c.p.ProgettoCapstoneApplication - No active profile set, falling back to 1 default profile: "default"
10:59:44.593 [restartedMain] INFO  o.s.b.d.e.DevToolsPropertyDefaultsPostProcessor - Devtools property defaults active! Set 'spring.devtools.add-properties' to 'false' to disable
10:59:44.594 [restartedMain] INFO  o.s.b.d.e.DevToolsPropertyDefaultsPostProcessor - For additional web related logging consider setting the 'logging.level.web' property to 'DEBUG'
10:59:46.097 [restartedMain] INFO  o.s.d.r.c.RepositoryConfigurationDelegate - Bootstrapping Spring Data JPA repositories in DEFAULT mode.
10:59:46.346 [restartedMain] INFO  o.s.d.r.c.RepositoryConfigurationDelegate - Finished Spring Data repository scanning in 225 ms. Found 6 JPA repository interfaces.
10:59:47.824 [restartedMain] INFO  o.s.b.w.e.tomcat.TomcatWebServer - Tomcat initialized with port(s): 8080 (http)
10:59:47.846 [restartedMain] INFO  o.a.catalina.core.StandardService - Starting service [Tomcat]
10:59:47.846 [restartedMain] INFO  o.a.catalina.core.StandardEngine - Starting Servlet engine: [Apache Tomcat/10.1.10]
10:59:47.967 [restartedMain] INFO  o.a.c.c.C.[Tomcat].[localhost].[/] - Initializing Spring embedded WebApplicationContext
10:59:47.968 [restartedMain] INFO  o.s.b.w.s.c.ServletWebServerApplicationContext - Root WebApplicationContext: initialization completed in 3372 ms
10:59:48.214 [restartedMain] INFO  o.h.jpa.internal.util.LogHelper - HHH000204: Processing PersistenceUnitInfo [name: default]
10:59:48.340 [restartedMain] INFO  org.hibernate.Version - HHH000412: Hibernate ORM core version 6.2.5.Final
10:59:48.349 [restartedMain] INFO  org.hibernate.cfg.Environment - HHH000406: Using bytecode reflection optimizer
10:59:48.641 [restartedMain] INFO  o.h.b.i.BytecodeProviderInitiator - HHH000021: Bytecode provider name : bytebuddy
10:59:48.954 [restartedMain] INFO  o.s.o.j.p.SpringPersistenceUnitInfo - No LoadTimeWeaver setup: ignoring JPA class transformer
10:59:48.986 [restartedMain] INFO  com.zaxxer.hikari.HikariDataSource - HikariPool-1 - Starting...
10:59:49.375 [restartedMain] INFO  com.zaxxer.hikari.pool.HikariPool - HikariPool-1 - Added connection org.postgresql.jdbc.PgConnection@5da7cf80
10:59:49.379 [restartedMain] INFO  com.zaxxer.hikari.HikariDataSource - HikariPool-1 - Start completed.
10:59:50.022 [restartedMain] WARN  o.h.b.i.SessionFactoryOptionsBuilder - Unrecognized hibernate.hbm2ddl.auto value: 'drop-and-create'.  Supported values include 'create', 'create-drop', 'create-only', 'drop', 'update', 'none' and 'validate'.  Ignoring
10:59:50.027 [restartedMain] INFO  o.h.b.i.BytecodeProviderInitiator - HHH000021: Bytecode provider name : bytebuddy
10:59:51.486 [restartedMain] INFO  o.h.e.t.j.p.i.JtaPlatformInitiator - HHH000490: Using JtaPlatform implementation: [org.hibernate.engine.transaction.jta.platform.internal.NoJtaPlatform]
10:59:51.751 [restartedMain] INFO  o.s.o.j.LocalContainerEntityManagerFactoryBean - Initialized JPA EntityManagerFactory for persistence unit 'default'
10:59:52.455 [restartedMain] INFO  o.s.d.j.r.query.QueryEnhancerFactory - Hibernate is in classpath; If applicable, HQL parser will be used.
10:59:53.219 [restartedMain] WARN  o.s.b.a.o.j.JpaBaseConfiguration$JpaWebConfiguration - spring.jpa.open-in-view is enabled by default. Therefore, database queries may be performed during view rendering. Explicitly configure spring.jpa.open-in-view to disable this warning
10:59:53.753 [restartedMain] INFO  o.s.s.web.DefaultSecurityFilterChain - Will secure any request with [org.springframework.security.web.session.DisableEncodeUrlFilter@66f3e88, org.springframework.security.web.context.request.async.WebAsyncManagerIntegrationFilter@10d8c8f6, org.springframework.security.web.context.SecurityContextHolderFilter@ab9eb7b, org.springframework.security.web.header.HeaderWriterFilter@66d0127a, org.springframework.web.filter.CorsFilter@2d8b3fb1, org.springframework.security.web.authentication.logout.LogoutFilter@586278d8, com.progetto.security.security.JwtAuthenticationFilter@46ca8825, org.springframework.security.web.savedrequest.RequestCacheAwareFilter@b3ac2d6, org.springframework.security.web.servletapi.SecurityContextHolderAwareRequestFilter@34eb9ea0, org.springframework.security.web.authentication.AnonymousAuthenticationFilter@afc1b1b, org.springframework.security.web.session.SessionManagementFilter@3876ceef, org.springframework.security.web.access.ExceptionTranslationFilter@474266f9, org.springframework.security.web.access.intercept.AuthorizationFilter@419af764]
10:59:53.993 [restartedMain] WARN  o.s.b.a.t.ThymeleafAutoConfiguration$DefaultTemplateResolverConfiguration - Cannot find template location: classpath:/templates/ (please add some templates, check your Thymeleaf configuration, or set spring.thymeleaf.check-template-location=false)
10:59:54.222 [restartedMain] INFO  o.s.b.d.a.OptionalLiveReloadServer - LiveReload server is running on port 35729
10:59:54.290 [restartedMain] INFO  o.s.b.w.e.tomcat.TomcatWebServer - Tomcat started on port(s): 8080 (http) with context path ''
10:59:54.305 [restartedMain] INFO  c.p.ProgettoCapstoneApplication - Started ProgettoCapstoneApplication in 10.82 seconds (process running for 14.911)
11:00:00.187 [http-nio-8080-exec-2] INFO  o.a.c.c.C.[Tomcat].[localhost].[/] - Initializing Spring DispatcherServlet 'dispatcherServlet'
11:00:00.188 [http-nio-8080-exec-2] INFO  o.s.web.servlet.DispatcherServlet - Initializing Servlet 'dispatcherServlet'
11:00:00.190 [http-nio-8080-exec-2] INFO  o.s.web.servlet.DispatcherServlet - Completed initialization in 2 ms
12:03:19.512 [http-nio-8080-exec-6] WARN  o.s.w.s.m.m.a.ExceptionHandlerExceptionResolver - Resolved [jakarta.persistence.EntityExistsException: Articolo gi esistente!!]
12:18:05.494 [http-nio-8080-exec-2] WARN  o.s.w.s.m.m.a.ExceptionHandlerExceptionResolver - Resolved [jakarta.persistence.EntityNotFoundException: Nessun risultato trovato!]
12:18:19.240 [http-nio-8080-exec-3] WARN  o.s.w.s.m.m.a.ExceptionHandlerExceptionResolver - Resolved [jakarta.persistence.EntityNotFoundException: Nessun risultato trovato!]
15:02:02.409 [HikariPool-1 housekeeper] WARN  com.zaxxer.hikari.pool.HikariPool - HikariPool-1 - Thread starvation or clock leap detected (housekeeper delta=52m10s72ms506s).
16:42:27.184 [RMI TCP Connection(293)-127.0.0.1] INFO  o.s.b.a.SpringApplicationAdminMXBeanRegistrar$SpringApplicationAdmin - Application shutdown requested.
16:42:27.326 [RMI TCP Connection(293)-127.0.0.1] INFO  o.a.catalina.core.StandardService - Stopping service [Tomcat]
16:42:27.367 [RMI TCP Connection(293)-127.0.0.1] INFO  o.a.c.c.C.[Tomcat].[localhost].[/] - Destroying Spring FrameworkServlet 'dispatcherServlet'
16:42:27.399 [RMI TCP Connection(293)-127.0.0.1] WARN  o.a.c.loader.WebappClassLoaderBase - The web application [ROOT] appears to have started a thread named [HikariPool-1 housekeeper] but has failed to stop it. This is very likely to create a memory leak. Stack trace of thread:
 java.base@17.0.7/jdk.internal.misc.Unsafe.park(Native Method)
 java.base@17.0.7/java.util.concurrent.locks.LockSupport.parkNanos(LockSupport.java:252)
 java.base@17.0.7/java.util.concurrent.locks.AbstractQueuedSynchronizer$ConditionObject.awaitNanos(AbstractQueuedSynchronizer.java:1672)
 java.base@17.0.7/java.util.concurrent.ScheduledThreadPoolExecutor$DelayedWorkQueue.take(ScheduledThreadPoolExecutor.java:1182)
 java.base@17.0.7/java.util.concurrent.ScheduledThreadPoolExecutor$DelayedWorkQueue.take(ScheduledThreadPoolExecutor.java:899)
 java.base@17.0.7/java.util.concurrent.ThreadPoolExecutor.getTask(ThreadPoolExecutor.java:1062)
 java.base@17.0.7/java.util.concurrent.ThreadPoolExecutor.runWorker(ThreadPoolExecutor.java:1122)
 java.base@17.0.7/java.util.concurrent.ThreadPoolExecutor$Worker.run(ThreadPoolExecutor.java:635)
 java.base@17.0.7/java.lang.Thread.run(Thread.java:833)
16:42:27.452 [RMI TCP Connection(293)-127.0.0.1] INFO  o.s.o.j.LocalContainerEntityManagerFactoryBean - Closing JPA EntityManagerFactory for persistence unit 'default'
16:42:27.497 [RMI TCP Connection(293)-127.0.0.1] INFO  com.zaxxer.hikari.HikariDataSource - HikariPool-1 - Shutdown initiated...
16:42:27.530 [RMI TCP Connection(293)-127.0.0.1] INFO  com.zaxxer.hikari.HikariDataSource - HikariPool-1 - Shutdown completed.
16:42:33.302 [restartedMain] INFO  c.p.ProgettoCapstoneApplication - Starting ProgettoCapstoneApplication using Java 17.0.7 with PID 16580 (C:\Users\user\Desktop\Progetto Capstone\BackEnd\Progetto_Capstone\target\classes started by user in C:\Users\user\Desktop\Progetto Capstone\BackEnd\Progetto_Capstone)
16:42:33.305 [restartedMain] INFO  c.p.ProgettoCapstoneApplication - No active profile set, falling back to 1 default profile: "default"
16:42:33.397 [restartedMain] INFO  o.s.b.d.e.DevToolsPropertyDefaultsPostProcessor - Devtools property defaults active! Set 'spring.devtools.add-properties' to 'false' to disable
16:42:33.403 [restartedMain] INFO  o.s.b.d.e.DevToolsPropertyDefaultsPostProcessor - For additional web related logging consider setting the 'logging.level.web' property to 'DEBUG'
16:42:35.284 [restartedMain] INFO  o.s.d.r.c.RepositoryConfigurationDelegate - Bootstrapping Spring Data JPA repositories in DEFAULT mode.
16:42:35.416 [restartedMain] INFO  o.s.d.r.c.RepositoryConfigurationDelegate - Finished Spring Data repository scanning in 119 ms. Found 6 JPA repository interfaces.
16:42:37.079 [restartedMain] INFO  o.s.b.w.e.tomcat.TomcatWebServer - Tomcat initialized with port(s): 8080 (http)
16:42:37.108 [restartedMain] INFO  o.a.catalina.core.StandardService - Starting service [Tomcat]
16:42:37.109 [restartedMain] INFO  o.a.catalina.core.StandardEngine - Starting Servlet engine: [Apache Tomcat/10.1.10]
16:42:37.287 [restartedMain] INFO  o.a.c.c.C.[Tomcat].[localhost].[/] - Initializing Spring embedded WebApplicationContext
16:42:37.288 [restartedMain] INFO  o.s.b.w.s.c.ServletWebServerApplicationContext - Root WebApplicationContext: initialization completed in 3882 ms
16:42:37.658 [restartedMain] INFO  o.h.jpa.internal.util.LogHelper - HHH000204: Processing PersistenceUnitInfo [name: default]
16:42:37.812 [restartedMain] INFO  org.hibernate.Version - HHH000412: Hibernate ORM core version 6.2.5.Final
16:42:37.818 [restartedMain] INFO  org.hibernate.cfg.Environment - HHH000406: Using bytecode reflection optimizer
16:42:38.127 [restartedMain] INFO  o.h.b.i.BytecodeProviderInitiator - HHH000021: Bytecode provider name : bytebuddy
16:42:38.392 [restartedMain] INFO  o.s.o.j.p.SpringPersistenceUnitInfo - No LoadTimeWeaver setup: ignoring JPA class transformer
16:42:38.423 [restartedMain] INFO  com.zaxxer.hikari.HikariDataSource - HikariPool-1 - Starting...
16:42:38.806 [restartedMain] INFO  com.zaxxer.hikari.pool.HikariPool - HikariPool-1 - Added connection org.postgresql.jdbc.PgConnection@1c46392b
16:42:38.809 [restartedMain] INFO  com.zaxxer.hikari.HikariDataSource - HikariPool-1 - Start completed.
16:42:39.643 [restartedMain] WARN  o.h.b.i.SessionFactoryOptionsBuilder - Unrecognized hibernate.hbm2ddl.auto value: 'drop-and-create'.  Supported values include 'create', 'create-drop', 'create-only', 'drop', 'update', 'none' and 'validate'.  Ignoring
16:42:39.648 [restartedMain] INFO  o.h.b.i.BytecodeProviderInitiator - HHH000021: Bytecode provider name : bytebuddy
16:42:41.399 [restartedMain] INFO  o.h.e.t.j.p.i.JtaPlatformInitiator - HHH000490: Using JtaPlatform implementation: [org.hibernate.engine.transaction.jta.platform.internal.NoJtaPlatform]
16:42:41.706 [restartedMain] INFO  o.s.o.j.LocalContainerEntityManagerFactoryBean - Initialized JPA EntityManagerFactory for persistence unit 'default'
16:42:42.542 [restartedMain] INFO  o.s.d.j.r.query.QueryEnhancerFactory - Hibernate is in classpath; If applicable, HQL parser will be used.
16:42:43.412 [restartedMain] WARN  o.s.b.a.o.j.JpaBaseConfiguration$JpaWebConfiguration - spring.jpa.open-in-view is enabled by default. Therefore, database queries may be performed during view rendering. Explicitly configure spring.jpa.open-in-view to disable this warning
16:42:43.993 [restartedMain] INFO  o.s.s.web.DefaultSecurityFilterChain - Will secure any request with [org.springframework.security.web.session.DisableEncodeUrlFilter@ce180b0, org.springframework.security.web.context.request.async.WebAsyncManagerIntegrationFilter@520c93ce, org.springframework.security.web.context.SecurityContextHolderFilter@244ca335, org.springframework.security.web.header.HeaderWriterFilter@77480540, org.springframework.web.filter.CorsFilter@44884d11, org.springframework.security.web.authentication.logout.LogoutFilter@4a8d3fff, com.progetto.security.security.JwtAuthenticationFilter@66e1a9e0, org.springframework.security.web.savedrequest.RequestCacheAwareFilter@2ef1511, org.springframework.security.web.servletapi.SecurityContextHolderAwareRequestFilter@644a84f4, org.springframework.security.web.authentication.AnonymousAuthenticationFilter@fe759e0, org.springframework.security.web.session.SessionManagementFilter@474266f9, org.springframework.security.web.access.ExceptionTranslationFilter@40029cdf, org.springframework.security.web.access.intercept.AuthorizationFilter@37fd39c3]
16:42:44.240 [restartedMain] WARN  o.s.b.a.t.ThymeleafAutoConfiguration$DefaultTemplateResolverConfiguration - Cannot find template location: classpath:/templates/ (please add some templates, check your Thymeleaf configuration, or set spring.thymeleaf.check-template-location=false)
16:42:44.499 [restartedMain] INFO  o.s.b.d.a.OptionalLiveReloadServer - LiveReload server is running on port 35729
16:42:44.583 [restartedMain] INFO  o.s.b.w.e.tomcat.TomcatWebServer - Tomcat started on port(s): 8080 (http) with context path ''
16:42:44.601 [restartedMain] INFO  c.p.ProgettoCapstoneApplication - Started ProgettoCapstoneApplication in 12.018 seconds (process running for 14.313)
16:42:50.794 [http-nio-8080-exec-2] INFO  o.a.c.c.C.[Tomcat].[localhost].[/] - Initializing Spring DispatcherServlet 'dispatcherServlet'
16:42:50.794 [http-nio-8080-exec-2] INFO  o.s.web.servlet.DispatcherServlet - Initializing Servlet 'dispatcherServlet'
16:42:50.796 [http-nio-8080-exec-2] INFO  o.s.web.servlet.DispatcherServlet - Completed initialization in 2 ms
16:44:53.870 [RMI TCP Connection(6)-127.0.0.1] INFO  o.s.b.a.SpringApplicationAdminMXBeanRegistrar$SpringApplicationAdmin - Application shutdown requested.
16:44:53.891 [RMI TCP Connection(6)-127.0.0.1] INFO  o.a.catalina.core.StandardService - Stopping service [Tomcat]
16:44:53.893 [RMI TCP Connection(6)-127.0.0.1] INFO  o.a.c.c.C.[Tomcat].[localhost].[/] - Destroying Spring FrameworkServlet 'dispatcherServlet'
16:44:53.902 [RMI TCP Connection(6)-127.0.0.1] WARN  o.a.c.loader.WebappClassLoaderBase - The web application [ROOT] appears to have started a thread named [HikariPool-1 housekeeper] but has failed to stop it. This is very likely to create a memory leak. Stack trace of thread:
 java.base@17.0.7/jdk.internal.misc.Unsafe.park(Native Method)
 java.base@17.0.7/java.util.concurrent.locks.LockSupport.parkNanos(LockSupport.java:252)
 java.base@17.0.7/java.util.concurrent.locks.AbstractQueuedSynchronizer$ConditionObject.awaitNanos(AbstractQueuedSynchronizer.java:1672)
 java.base@17.0.7/java.util.concurrent.ScheduledThreadPoolExecutor$DelayedWorkQueue.take(ScheduledThreadPoolExecutor.java:1182)
 java.base@17.0.7/java.util.concurrent.ScheduledThreadPoolExecutor$DelayedWorkQueue.take(ScheduledThreadPoolExecutor.java:899)
 java.base@17.0.7/java.util.concurrent.ThreadPoolExecutor.getTask(ThreadPoolExecutor.java:1062)
 java.base@17.0.7/java.util.concurrent.ThreadPoolExecutor.runWorker(ThreadPoolExecutor.java:1122)
 java.base@17.0.7/java.util.concurrent.ThreadPoolExecutor$Worker.run(ThreadPoolExecutor.java:635)
 java.base@17.0.7/java.lang.Thread.run(Thread.java:833)
16:44:53.924 [RMI TCP Connection(6)-127.0.0.1] INFO  o.s.o.j.LocalContainerEntityManagerFactoryBean - Closing JPA EntityManagerFactory for persistence unit 'default'
16:44:53.929 [RMI TCP Connection(6)-127.0.0.1] INFO  com.zaxxer.hikari.HikariDataSource - HikariPool-1 - Shutdown initiated...
16:44:53.941 [RMI TCP Connection(6)-127.0.0.1] INFO  com.zaxxer.hikari.HikariDataSource - HikariPool-1 - Shutdown completed.
16:44:58.127 [restartedMain] INFO  c.p.ProgettoCapstoneApplication - Starting ProgettoCapstoneApplication using Java 17.0.7 with PID 15344 (C:\Users\user\Desktop\Progetto Capstone\BackEnd\Progetto_Capstone\target\classes started by user in C:\Users\user\Desktop\Progetto Capstone\BackEnd\Progetto_Capstone)
16:44:58.132 [restartedMain] INFO  c.p.ProgettoCapstoneApplication - No active profile set, falling back to 1 default profile: "default"
16:44:58.229 [restartedMain] INFO  o.s.b.d.e.DevToolsPropertyDefaultsPostProcessor - Devtools property defaults active! Set 'spring.devtools.add-properties' to 'false' to disable
16:44:58.230 [restartedMain] INFO  o.s.b.d.e.DevToolsPropertyDefaultsPostProcessor - For additional web related logging consider setting the 'logging.level.web' property to 'DEBUG'
16:44:59.694 [restartedMain] INFO  o.s.d.r.c.RepositoryConfigurationDelegate - Bootstrapping Spring Data JPA repositories in DEFAULT mode.
16:44:59.838 [restartedMain] INFO  o.s.d.r.c.RepositoryConfigurationDelegate - Finished Spring Data repository scanning in 132 ms. Found 6 JPA repository interfaces.
16:45:01.458 [restartedMain] INFO  o.s.b.w.e.tomcat.TomcatWebServer - Tomcat initialized with port(s): 8080 (http)
16:45:01.479 [restartedMain] INFO  o.a.catalina.core.StandardService - Starting service [Tomcat]
16:45:01.480 [restartedMain] INFO  o.a.catalina.core.StandardEngine - Starting Servlet engine: [Apache Tomcat/10.1.10]
16:45:01.642 [restartedMain] INFO  o.a.c.c.C.[Tomcat].[localhost].[/] - Initializing Spring embedded WebApplicationContext
16:45:01.644 [restartedMain] INFO  o.s.b.w.s.c.ServletWebServerApplicationContext - Root WebApplicationContext: initialization completed in 3412 ms
16:45:02.056 [restartedMain] INFO  o.h.jpa.internal.util.LogHelper - HHH000204: Processing PersistenceUnitInfo [name: default]
16:45:02.284 [restartedMain] INFO  org.hibernate.Version - HHH000412: Hibernate ORM core version 6.2.5.Final
16:45:02.291 [restartedMain] INFO  org.hibernate.cfg.Environment - HHH000406: Using bytecode reflection optimizer
16:45:02.641 [restartedMain] INFO  o.h.b.i.BytecodeProviderInitiator - HHH000021: Bytecode provider name : bytebuddy
16:45:02.888 [restartedMain] INFO  o.s.o.j.p.SpringPersistenceUnitInfo - No LoadTimeWeaver setup: ignoring JPA class transformer
16:45:02.917 [restartedMain] INFO  com.zaxxer.hikari.HikariDataSource - HikariPool-1 - Starting...
16:45:03.162 [restartedMain] INFO  com.zaxxer.hikari.pool.HikariPool - HikariPool-1 - Added connection org.postgresql.jdbc.PgConnection@72cb398e
16:45:03.167 [restartedMain] INFO  com.zaxxer.hikari.HikariDataSource - HikariPool-1 - Start completed.
16:45:03.771 [restartedMain] WARN  o.h.b.i.SessionFactoryOptionsBuilder - Unrecognized hibernate.hbm2ddl.auto value: 'drop-and-create'.  Supported values include 'create', 'create-drop', 'create-only', 'drop', 'update', 'none' and 'validate'.  Ignoring
16:45:03.775 [restartedMain] INFO  o.h.b.i.BytecodeProviderInitiator - HHH000021: Bytecode provider name : bytebuddy
16:45:05.163 [restartedMain] INFO  o.h.e.t.j.p.i.JtaPlatformInitiator - HHH000490: Using JtaPlatform implementation: [org.hibernate.engine.transaction.jta.platform.internal.NoJtaPlatform]
16:45:05.412 [restartedMain] INFO  o.s.o.j.LocalContainerEntityManagerFactoryBean - Initialized JPA EntityManagerFactory for persistence unit 'default'
16:45:06.499 [restartedMain] INFO  o.s.d.j.r.query.QueryEnhancerFactory - Hibernate is in classpath; If applicable, HQL parser will be used.
16:45:07.561 [restartedMain] WARN  o.s.b.a.o.j.JpaBaseConfiguration$JpaWebConfiguration - spring.jpa.open-in-view is enabled by default. Therefore, database queries may be performed during view rendering. Explicitly configure spring.jpa.open-in-view to disable this warning
16:45:08.093 [restartedMain] INFO  o.s.s.web.DefaultSecurityFilterChain - Will secure any request with [org.springframework.security.web.session.DisableEncodeUrlFilter@69725584, org.springframework.security.web.context.request.async.WebAsyncManagerIntegrationFilter@fc29830, org.springframework.security.web.context.SecurityContextHolderFilter@261a8e63, org.springframework.security.web.header.HeaderWriterFilter@232f00d7, org.springframework.web.filter.CorsFilter@41919d6, org.springframework.security.web.authentication.logout.LogoutFilter@51a961af, com.progetto.security.security.JwtAuthenticationFilter@5d64abe8, org.springframework.security.web.savedrequest.RequestCacheAwareFilter@b420487, org.springframework.security.web.servletapi.SecurityContextHolderAwareRequestFilter@33b79379, org.springframework.security.web.authentication.AnonymousAuthenticationFilter@389bf3f5, org.springframework.security.web.session.SessionManagementFilter@65112faa, org.springframework.security.web.access.ExceptionTranslationFilter@76dab19e, org.springframework.security.web.access.intercept.AuthorizationFilter@5566661c]
16:45:08.433 [restartedMain] WARN  o.s.b.a.t.ThymeleafAutoConfiguration$DefaultTemplateResolverConfiguration - Cannot find template location: classpath:/templates/ (please add some templates, check your Thymeleaf configuration, or set spring.thymeleaf.check-template-location=false)
16:45:08.652 [restartedMain] INFO  o.s.b.d.a.OptionalLiveReloadServer - LiveReload server is running on port 35729
16:45:08.725 [restartedMain] INFO  o.s.b.w.e.tomcat.TomcatWebServer - Tomcat started on port(s): 8080 (http) with context path ''
16:45:08.742 [restartedMain] INFO  c.p.ProgettoCapstoneApplication - Started ProgettoCapstoneApplication in 11.367 seconds (process running for 12.965)
16:45:19.739 [http-nio-8080-exec-2] INFO  o.a.c.c.C.[Tomcat].[localhost].[/] - Initializing Spring DispatcherServlet 'dispatcherServlet'
16:45:19.742 [http-nio-8080-exec-2] INFO  o.s.web.servlet.DispatcherServlet - Initializing Servlet 'dispatcherServlet'
16:45:19.746 [http-nio-8080-exec-2] INFO  o.s.web.servlet.DispatcherServlet - Completed initialization in 4 ms
16:47:02.801 [http-nio-8080-exec-10] WARN  o.s.w.s.m.m.a.ExceptionHandlerExceptionResolver - Resolved [jakarta.persistence.EntityNotFoundException: Nessun risultato trovato!]
16:47:11.411 [http-nio-8080-exec-2] WARN  o.s.w.s.m.m.a.ExceptionHandlerExceptionResolver - Resolved [jakarta.persistence.EntityExistsException: Articolo gi esistente!!]
16:47:17.661 [http-nio-8080-exec-4] WARN  o.s.w.s.m.m.a.ExceptionHandlerExceptionResolver - Resolved [jakarta.persistence.EntityNotFoundException: Nessun risultato trovato!]
18:30:29.303 [RMI TCP Connection(109)-127.0.0.1] INFO  o.s.b.a.SpringApplicationAdminMXBeanRegistrar$SpringApplicationAdmin - Application shutdown requested.
18:30:29.464 [RMI TCP Connection(109)-127.0.0.1] INFO  o.a.catalina.core.StandardService - Stopping service [Tomcat]
18:30:29.481 [RMI TCP Connection(109)-127.0.0.1] INFO  o.a.c.c.C.[Tomcat].[localhost].[/] - Destroying Spring FrameworkServlet 'dispatcherServlet'
18:30:29.515 [RMI TCP Connection(109)-127.0.0.1] WARN  o.a.c.loader.WebappClassLoaderBase - The web application [ROOT] appears to have started a thread named [HikariPool-1 housekeeper] but has failed to stop it. This is very likely to create a memory leak. Stack trace of thread:
 java.base@17.0.7/jdk.internal.misc.Unsafe.park(Native Method)
 java.base@17.0.7/java.util.concurrent.locks.LockSupport.parkNanos(LockSupport.java:252)
 java.base@17.0.7/java.util.concurrent.locks.AbstractQueuedSynchronizer$ConditionObject.awaitNanos(AbstractQueuedSynchronizer.java:1672)
 java.base@17.0.7/java.util.concurrent.ScheduledThreadPoolExecutor$DelayedWorkQueue.take(ScheduledThreadPoolExecutor.java:1182)
 java.base@17.0.7/java.util.concurrent.ScheduledThreadPoolExecutor$DelayedWorkQueue.take(ScheduledThreadPoolExecutor.java:899)
 java.base@17.0.7/java.util.concurrent.ThreadPoolExecutor.getTask(ThreadPoolExecutor.java:1062)
 java.base@17.0.7/java.util.concurrent.ThreadPoolExecutor.runWorker(ThreadPoolExecutor.java:1122)
 java.base@17.0.7/java.util.concurrent.ThreadPoolExecutor$Worker.run(ThreadPoolExecutor.java:635)
 java.base@17.0.7/java.lang.Thread.run(Thread.java:833)
18:30:29.565 [RMI TCP Connection(109)-127.0.0.1] INFO  o.s.o.j.LocalContainerEntityManagerFactoryBean - Closing JPA EntityManagerFactory for persistence unit 'default'
18:30:29.615 [RMI TCP Connection(109)-127.0.0.1] INFO  com.zaxxer.hikari.HikariDataSource - HikariPool-1 - Shutdown initiated...
18:30:29.653 [RMI TCP Connection(109)-127.0.0.1] INFO  com.zaxxer.hikari.HikariDataSource - HikariPool-1 - Shutdown completed.
